{"/home/john/Documents/challenge/react-native-weather-app/App.js": {"path":"/home/john/Documents/challenge/react-native-weather-app/App.js","statementMap":{"0":{"start":{"line":12,"column":4},"end":{"line":16,"column":6}}},"fnMap":{"0":{"name":"(anonymous_0)","decl":{"start":{"line":11,"column":2},"end":{"line":11,"column":3}},"loc":{"start":{"line":11,"column":12},"end":{"line":17,"column":3}},"line":11}},"branchMap":{},"s":{"0":1},"f":{"0":1},"b":{},"_coverageSchema":"1a1c01bbd47fc00a2c39e90264f33305004495a9","hash":"0948faef44b1f076d80456cda3e66d6877c4db53"}
,"/home/john/Documents/challenge/react-native-weather-app/__mockData__/weather.mockData.js": {"path":"/home/john/Documents/challenge/react-native-weather-app/__mockData__/weather.mockData.js","statementMap":{"0":{"start":{"line":6,"column":21},"end":{"line":116,"column":1}},"1":{"start":{"line":118,"column":39},"end":{"line":121,"column":1}},"2":{"start":{"line":122,"column":39},"end":{"line":146,"column":1}}},"fnMap":{},"branchMap":{},"s":{"0":2,"1":2,"2":2},"f":{},"b":{},"_coverageSchema":"1a1c01bbd47fc00a2c39e90264f33305004495a9","hash":"878e26c282cbbf0d84891c379881b63bda240548"}
,"/home/john/Documents/challenge/react-native-weather-app/src/assets/Icons/partlysunny_2x.png": {"path":"/home/john/Documents/challenge/react-native-weather-app/src/assets/Icons/partlysunny_2x.png","statementMap":{"0":{"start":{"line":1,"column":0},"end":{"line":1,"column":19}}},"fnMap":{},"branchMap":{},"s":{"0":2},"f":{},"b":{},"inputSourceMap":null,"_coverageSchema":"1a1c01bbd47fc00a2c39e90264f33305004495a9","hash":"4a7062f091fd31c59f56836b090e462d987924d2"}
,"/home/john/Documents/challenge/react-native-weather-app/src/assets/Icons/rain_2x.png": {"path":"/home/john/Documents/challenge/react-native-weather-app/src/assets/Icons/rain_2x.png","statementMap":{"0":{"start":{"line":1,"column":0},"end":{"line":1,"column":19}}},"fnMap":{},"branchMap":{},"s":{"0":2},"f":{},"b":{},"inputSourceMap":null,"_coverageSchema":"1a1c01bbd47fc00a2c39e90264f33305004495a9","hash":"920c0c222131c4c7f60716612e287fa9b7f340bb"}
,"/home/john/Documents/challenge/react-native-weather-app/src/assets/Images/forest_cloudy.png": {"path":"/home/john/Documents/challenge/react-native-weather-app/src/assets/Images/forest_cloudy.png","statementMap":{"0":{"start":{"line":1,"column":0},"end":{"line":1,"column":19}}},"fnMap":{},"branchMap":{},"s":{"0":2},"f":{},"b":{},"inputSourceMap":null,"_coverageSchema":"1a1c01bbd47fc00a2c39e90264f33305004495a9","hash":"eadf6b2447e1ca38f0f25985df7da9222f86ec50"}
,"/home/john/Documents/challenge/react-native-weather-app/src/assets/Images/forest_rainy.png": {"path":"/home/john/Documents/challenge/react-native-weather-app/src/assets/Images/forest_rainy.png","statementMap":{"0":{"start":{"line":1,"column":0},"end":{"line":1,"column":19}}},"fnMap":{},"branchMap":{},"s":{"0":2},"f":{},"b":{},"inputSourceMap":null,"_coverageSchema":"1a1c01bbd47fc00a2c39e90264f33305004495a9","hash":"955f8b9c22011715f6d139871e76b61b00a6e96c"}
,"/home/john/Documents/challenge/react-native-weather-app/src/assets/Images/forest_sunny.png": {"path":"/home/john/Documents/challenge/react-native-weather-app/src/assets/Images/forest_sunny.png","statementMap":{"0":{"start":{"line":1,"column":0},"end":{"line":1,"column":19}}},"fnMap":{},"branchMap":{},"s":{"0":2},"f":{},"b":{},"inputSourceMap":null,"_coverageSchema":"1a1c01bbd47fc00a2c39e90264f33305004495a9","hash":"a37ec08201351cb6776ab7e1e948bdfff46b0c99"}
,"/home/john/Documents/challenge/react-native-weather-app/src/components/App.component.js": {"path":"/home/john/Documents/challenge/react-native-weather-app/src/components/App.component.js","statementMap":{"0":{"start":{"line":10,"column":8},"end":{"line":10,"column":21}},"1":{"start":{"line":11,"column":8},"end":{"line":14,"column":7}},"2":{"start":{"line":17,"column":27},"end":{"line":17,"column":37}},"3":{"start":{"line":19,"column":6},"end":{"line":19,"column":19}},"4":{"start":{"line":22,"column":2},"end":{"line":26,"column":4}},"5":{"start":{"line":28,"column":15},"end":{"line":35,"column":2}},"6":{"start":{"line":36,"column":31},"end":{"line":41,"column":3}},"7":{"start":{"line":37,"column":4},"end":{"line":40,"column":6}},"8":{"start":{"line":42,"column":27},"end":{"line":44,"column":7}}},"fnMap":{"0":{"name":"(anonymous_0)","decl":{"start":{"line":9,"column":4},"end":{"line":9,"column":5}},"loc":{"start":{"line":9,"column":23},"end":{"line":15,"column":5}},"line":9},"1":{"name":"(anonymous_1)","decl":{"start":{"line":16,"column":4},"end":{"line":16,"column":5}},"loc":{"start":{"line":16,"column":31},"end":{"line":20,"column":3}},"line":16},"2":{"name":"(anonymous_2)","decl":{"start":{"line":21,"column":2},"end":{"line":21,"column":3}},"loc":{"start":{"line":21,"column":10},"end":{"line":26,"column":5}},"line":21},"3":{"name":"(anonymous_3)","decl":{"start":{"line":36,"column":31},"end":{"line":36,"column":32}},"loc":{"start":{"line":36,"column":42},"end":{"line":41,"column":3}},"line":36}},"branchMap":{"0":{"loc":{"start":{"line":24,"column":6},"end":{"line":24,"column":139}},"type":"cond-expr","locations":[{"start":{"line":24,"column":38},"end":{"line":24,"column":128}},{"start":{"line":24,"column":129},"end":{"line":24,"column":139}}],"line":24}},"s":{"0":1,"1":1,"2":1,"3":1,"4":1,"5":1,"6":1,"7":1,"8":1},"f":{"0":1,"1":1,"2":1,"3":1},"b":{"0":[0,1]},"_coverageSchema":"1a1c01bbd47fc00a2c39e90264f33305004495a9","hash":"b69eb759b1522d0ac2ac20cb7a61994a78ae8192"}
,"/home/john/Documents/challenge/react-native-weather-app/src/components/weather.component.js": {"path":"/home/john/Documents/challenge/react-native-weather-app/src/components/weather.component.js","statementMap":{"0":{"start":{"line":12,"column":4},"end":{"line":12,"column":17}},"1":{"start":{"line":13,"column":4},"end":{"line":15,"column":6}},"2":{"start":{"line":19,"column":23},"end":{"line":28,"column":6}},"3":{"start":{"line":20,"column":17},"end":{"line":20,"column":40}},"4":{"start":{"line":21,"column":6},"end":{"line":27,"column":8}},"5":{"start":{"line":29,"column":4},"end":{"line":33,"column":7}},"6":{"start":{"line":30,"column":6},"end":{"line":32,"column":7}},"7":{"start":{"line":30,"column":43},"end":{"line":30,"column":62}},"8":{"start":{"line":31,"column":8},"end":{"line":31,"column":45}},"9":{"start":{"line":38,"column":4},"end":{"line":48,"column":5}},"10":{"start":{"line":39,"column":6},"end":{"line":39,"column":44}},"11":{"start":{"line":41,"column":9},"end":{"line":48,"column":5}},"12":{"start":{"line":42,"column":6},"end":{"line":42,"column":43}},"13":{"start":{"line":46,"column":6},"end":{"line":46,"column":42}},"14":{"start":{"line":49,"column":4},"end":{"line":119,"column":6}},"15":{"start":{"line":91,"column":14},"end":{"line":112,"column":16}},"16":{"start":{"line":122,"column":15},"end":{"line":202,"column":2}}},"fnMap":{"0":{"name":"(anonymous_0)","decl":{"start":{"line":11,"column":2},"end":{"line":11,"column":3}},"loc":{"start":{"line":11,"column":21},"end":{"line":16,"column":3}},"line":11},"1":{"name":"(anonymous_1)","decl":{"start":{"line":17,"column":2},"end":{"line":17,"column":3}},"loc":{"start":{"line":17,"column":30},"end":{"line":35,"column":3}},"line":17},"2":{"name":"(anonymous_2)","decl":{"start":{"line":19,"column":55},"end":{"line":19,"column":56}},"loc":{"start":{"line":19,"column":64},"end":{"line":28,"column":5}},"line":19},"3":{"name":"(anonymous_3)","decl":{"start":{"line":29,"column":23},"end":{"line":29,"column":24}},"loc":{"start":{"line":29,"column":32},"end":{"line":33,"column":5}},"line":29},"4":{"name":"(anonymous_4)","decl":{"start":{"line":30,"column":36},"end":{"line":30,"column":37}},"loc":{"start":{"line":30,"column":43},"end":{"line":30,"column":62}},"line":30},"5":{"name":"(anonymous_5)","decl":{"start":{"line":36,"column":2},"end":{"line":36,"column":3}},"loc":{"start":{"line":36,"column":11},"end":{"line":120,"column":3}},"line":36},"6":{"name":"(anonymous_6)","decl":{"start":{"line":90,"column":36},"end":{"line":90,"column":37}},"loc":{"start":{"line":90,"column":53},"end":{"line":113,"column":13}},"line":90}},"branchMap":{"0":{"loc":{"start":{"line":30,"column":6},"end":{"line":32,"column":7}},"type":"if","locations":[{"start":{"line":30,"column":6},"end":{"line":32,"column":7}},{"start":{"line":30,"column":6},"end":{"line":32,"column":7}}],"line":30},"1":{"loc":{"start":{"line":38,"column":4},"end":{"line":48,"column":5}},"type":"if","locations":[{"start":{"line":38,"column":4},"end":{"line":48,"column":5}},{"start":{"line":38,"column":4},"end":{"line":48,"column":5}}],"line":38},"2":{"loc":{"start":{"line":41,"column":9},"end":{"line":48,"column":5}},"type":"if","locations":[{"start":{"line":41,"column":9},"end":{"line":48,"column":5}},{"start":{"line":41,"column":9},"end":{"line":48,"column":5}}],"line":41},"3":{"loc":{"start":{"line":89,"column":11},"end":{"line":116,"column":11}},"type":"cond-expr","locations":[{"start":{"line":90,"column":12},"end":{"line":113,"column":14}},{"start":{"line":115,"column":12},"end":{"line":115,"column":35}}],"line":89},"4":{"loc":{"start":{"line":101,"column":26},"end":{"line":101,"column":76}},"type":"cond-expr","locations":[{"start":{"line":101,"column":52},"end":{"line":101,"column":62}},{"start":{"line":101,"column":65},"end":{"line":101,"column":76}}],"line":101}},"s":{"0":1,"1":1,"2":1,"3":2,"4":2,"5":1,"6":2,"7":1,"8":1,"9":1,"10":1,"11":0,"12":0,"13":0,"14":1,"15":1,"16":2},"f":{"0":1,"1":1,"2":2,"3":2,"4":1,"5":1,"6":1},"b":{"0":[1,1],"1":[1,0],"2":[0,0],"3":[1,0],"4":[0,1]},"_coverageSchema":"1a1c01bbd47fc00a2c39e90264f33305004495a9","hash":"23da3438786310cca0e875ff21ebb338de10a94c"}
,"/home/john/Documents/challenge/react-native-weather-app/src/helpers/Loader.js": {"path":"/home/john/Documents/challenge/react-native-weather-app/src/helpers/Loader.js","statementMap":{"0":{"start":{"line":5,"column":16},"end":{"line":12,"column":1}},"1":{"start":{"line":6,"column":2},"end":{"line":11,"column":4}}},"fnMap":{"0":{"name":"(anonymous_0)","decl":{"start":{"line":5,"column":16},"end":{"line":5,"column":17}},"loc":{"start":{"line":5,"column":27},"end":{"line":12,"column":1}},"line":5}},"branchMap":{},"s":{"0":1,"1":1},"f":{"0":1},"b":{},"_coverageSchema":"1a1c01bbd47fc00a2c39e90264f33305004495a9","hash":"c9a78d66c630735867bd16fb0ec7e388143e1021"}
,"/home/john/Documents/challenge/react-native-weather-app/src/helpers/imageHelper.js": {"path":"/home/john/Documents/challenge/react-native-weather-app/src/helpers/imageHelper.js","statementMap":{},"fnMap":{},"branchMap":{},"s":{},"f":{},"b":{},"_coverageSchema":"1a1c01bbd47fc00a2c39e90264f33305004495a9","hash":"32c2d2638bcaf0b2ec2cecad3780b1ed60a3320a"}
,"/home/john/Documents/challenge/react-native-weather-app/src/helpers/seasonTittleHelper.js": {"path":"/home/john/Documents/challenge/react-native-weather-app/src/helpers/seasonTittleHelper.js","statementMap":{},"fnMap":{},"branchMap":{},"s":{},"f":{},"b":{},"_coverageSchema":"1a1c01bbd47fc00a2c39e90264f33305004495a9","hash":"d9539c09c47b902b9933bbe85b674462b12e5a98"}
,"/home/john/Documents/challenge/react-native-weather-app/src/redux/actions/weatherAction.js": {"path":"/home/john/Documents/challenge/react-native-weather-app/src/redux/actions/weatherAction.js","statementMap":{"0":{"start":{"line":3,"column":40},"end":{"line":3,"column":66}},"1":{"start":{"line":4,"column":40},"end":{"line":4,"column":66}},"2":{"start":{"line":12,"column":12},"end":{"line":12,"column":53}},"3":{"start":{"line":14,"column":16},"end":{"line":17,"column":2}},"4":{"start":{"line":18,"column":26},"end":{"line":38,"column":1}},"5":{"start":{"line":18,"column":32},"end":{"line":38,"column":1}},"6":{"start":{"line":19,"column":2},"end":{"line":37,"column":3}},"7":{"start":{"line":20,"column":4},"end":{"line":20,"column":39}},"8":{"start":{"line":21,"column":19},"end":{"line":21,"column":95}},"9":{"start":{"line":22,"column":15},"end":{"line":22,"column":39}},"10":{"start":{"line":23,"column":16},"end":{"line":23,"column":41}},"11":{"start":{"line":24,"column":21},"end":{"line":24,"column":84}},"12":{"start":{"line":25,"column":16},"end":{"line":25,"column":43}},"13":{"start":{"line":26,"column":17},"end":{"line":26,"column":37}},"14":{"start":{"line":28,"column":27},"end":{"line":32,"column":4}},"15":{"start":{"line":29,"column":18},"end":{"line":29,"column":71}},"16":{"start":{"line":30,"column":26},"end":{"line":30,"column":49}},"17":{"start":{"line":31,"column":6},"end":{"line":31,"column":41}},"18":{"start":{"line":33,"column":2},"end":{"line":33,"column":69}},"19":{"start":{"line":35,"column":25},"end":{"line":35,"column":52}},"20":{"start":{"line":36,"column":4},"end":{"line":36,"column":46}},"21":{"start":{"line":42,"column":2},"end":{"line":47,"column":4}},"22":{"start":{"line":50,"column":2},"end":{"line":53,"column":4}},"23":{"start":{"line":56,"column":19},"end":{"line":68,"column":1}},"24":{"start":{"line":57,"column":2},"end":{"line":67,"column":4}}},"fnMap":{"0":{"name":"(anonymous_0)","decl":{"start":{"line":18,"column":26},"end":{"line":18,"column":27}},"loc":{"start":{"line":18,"column":32},"end":{"line":38,"column":1}},"line":18},"1":{"name":"(anonymous_1)","decl":{"start":{"line":18,"column":32},"end":{"line":18,"column":33}},"loc":{"start":{"line":18,"column":52},"end":{"line":38,"column":1}},"line":18},"2":{"name":"(anonymous_2)","decl":{"start":{"line":28,"column":44},"end":{"line":28,"column":45}},"loc":{"start":{"line":28,"column":53},"end":{"line":32,"column":3}},"line":28},"3":{"name":"getWeatherSuccess","decl":{"start":{"line":41,"column":16},"end":{"line":41,"column":33}},"loc":{"start":{"line":41,"column":50},"end":{"line":48,"column":1}},"line":41},"4":{"name":"getWeatherFailure","decl":{"start":{"line":49,"column":16},"end":{"line":49,"column":33}},"loc":{"start":{"line":49,"column":40},"end":{"line":54,"column":1}},"line":49},"5":{"name":"(anonymous_5)","decl":{"start":{"line":56,"column":19},"end":{"line":56,"column":20}},"loc":{"start":{"line":56,"column":32},"end":{"line":68,"column":1}},"line":56}},"branchMap":{},"s":{"0":3,"1":3,"2":3,"3":3,"4":3,"5":1,"6":1,"7":1,"8":1,"9":0,"10":0,"11":0,"12":0,"13":0,"14":0,"15":0,"16":0,"17":0,"18":0,"19":0,"20":0,"21":0,"22":0,"23":3,"24":0},"f":{"0":1,"1":1,"2":0,"3":0,"4":0,"5":0},"b":{},"_coverageSchema":"1a1c01bbd47fc00a2c39e90264f33305004495a9","hash":"f137dbfcf4189bcf85bac8e5381995697fc04a16"}
,"/home/john/Documents/challenge/react-native-weather-app/src/redux/reducer/index.js": {"path":"/home/john/Documents/challenge/react-native-weather-app/src/redux/reducer/index.js","statementMap":{},"fnMap":{},"branchMap":{},"s":{},"f":{},"b":{},"_coverageSchema":"1a1c01bbd47fc00a2c39e90264f33305004495a9","hash":"f7d8e4ae61f3358c899f1dfb95b73bf2519f07be"}
,"/home/john/Documents/challenge/react-native-weather-app/src/redux/reducer/weatherReducer.js": {"path":"/home/john/Documents/challenge/react-native-weather-app/src/redux/reducer/weatherReducer.js","statementMap":{"0":{"start":{"line":1,"column":23},"end":{"line":17,"column":3}},"1":{"start":{"line":2,"column":4},"end":{"line":16,"column":5}},"2":{"start":{"line":4,"column":8},"end":{"line":8,"column":10}},"3":{"start":{"line":10,"column":10},"end":{"line":13,"column":12}},"4":{"start":{"line":15,"column":8},"end":{"line":15,"column":21}}},"fnMap":{"0":{"name":"(anonymous_0)","decl":{"start":{"line":1,"column":23},"end":{"line":1,"column":24}},"loc":{"start":{"line":1,"column":47},"end":{"line":17,"column":3}},"line":1}},"branchMap":{"0":{"loc":{"start":{"line":1,"column":24},"end":{"line":1,"column":34}},"type":"default-arg","locations":[{"start":{"line":1,"column":32},"end":{"line":1,"column":34}}],"line":1},"1":{"loc":{"start":{"line":2,"column":4},"end":{"line":16,"column":5}},"type":"switch","locations":[{"start":{"line":3,"column":6},"end":{"line":8,"column":10}},{"start":{"line":9,"column":8},"end":{"line":13,"column":12}},{"start":{"line":14,"column":6},"end":{"line":15,"column":21}}],"line":2}},"s":{"0":2,"1":5,"2":1,"3":1,"4":3},"f":{"0":5},"b":{"0":[3],"1":[1,1,3]},"_coverageSchema":"1a1c01bbd47fc00a2c39e90264f33305004495a9","hash":"21cae73bdb69e60c2064cfa8ba0af587353b51dc"}
,"/home/john/Documents/challenge/react-native-weather-app/src/redux/store/index.js": {"path":"/home/john/Documents/challenge/react-native-weather-app/src/redux/store/index.js","statementMap":{"0":{"start":{"line":7,"column":19},"end":{"line":7,"column":41}},"1":{"start":{"line":9,"column":14},"end":{"line":13,"column":1}}},"fnMap":{},"branchMap":{},"s":{"0":1,"1":1},"f":{},"b":{},"_coverageSchema":"1a1c01bbd47fc00a2c39e90264f33305004495a9","hash":"549358f7009971444a469eeb30c13d0971b9637d"}
,"/home/john/Documents/challenge/react-native-weather-app/src/redux/store/initialState.js": {"path":"/home/john/Documents/challenge/react-native-weather-app/src/redux/store/initialState.js","statementMap":{"0":{"start":{"line":1,"column":14},"end":{"line":1,"column":16}}},"fnMap":{},"branchMap":{},"s":{"0":1},"f":{},"b":{},"_coverageSchema":"1a1c01bbd47fc00a2c39e90264f33305004495a9","hash":"21be9efc6b8624655d40ed1f37f2ca6859b76253"}
}
