TN:
SF:App.js
FN:11,(anonymous_0)
FNF:1
FNH:1
FNDA:1,(anonymous_0)
DA:12,1
LF:1
LH:1
BRF:0
BRH:0
end_of_record
TN:
SF:__mockData__/weather.mockData.js
FNF:0
FNH:0
DA:6,2
DA:118,2
DA:122,2
LF:3
LH:3
BRF:0
BRH:0
end_of_record
TN:
SF:src/assets/Icons/partlysunny_2x.png
FNF:0
FNH:0
DA:1,2
LF:1
LH:1
BRF:0
BRH:0
end_of_record
TN:
SF:src/assets/Icons/rain_2x.png
FNF:0
FNH:0
DA:1,2
LF:1
LH:1
BRF:0
BRH:0
end_of_record
TN:
SF:src/assets/Images/forest_cloudy.png
FNF:0
FNH:0
DA:1,2
LF:1
LH:1
BRF:0
BRH:0
end_of_record
TN:
SF:src/assets/Images/forest_rainy.png
FNF:0
FNH:0
DA:1,2
LF:1
LH:1
BRF:0
BRH:0
end_of_record
TN:
SF:src/assets/Images/forest_sunny.png
FNF:0
FNH:0
DA:1,2
LF:1
LH:1
BRF:0
BRH:0
end_of_record
TN:
SF:src/components/App.component.js
FN:9,(anonymous_0)
FN:16,(anonymous_1)
FN:21,(anonymous_2)
FN:36,(anonymous_3)
FNF:4
FNH:4
FNDA:1,(anonymous_0)
FNDA:1,(anonymous_1)
FNDA:1,(anonymous_2)
FNDA:1,(anonymous_3)
DA:10,1
DA:11,1
DA:17,1
DA:19,1
DA:22,1
DA:28,1
DA:36,1
DA:37,1
DA:42,1
LF:9
LH:9
BRDA:24,0,0,0
BRDA:24,0,1,1
BRF:2
BRH:1
end_of_record
TN:
SF:src/components/weather.component.js
FN:11,(anonymous_0)
FN:17,(anonymous_1)
FN:19,(anonymous_2)
FN:29,(anonymous_3)
FN:30,(anonymous_4)
FN:36,(anonymous_5)
FN:90,(anonymous_6)
FNF:7
FNH:7
FNDA:1,(anonymous_0)
FNDA:1,(anonymous_1)
FNDA:2,(anonymous_2)
FNDA:2,(anonymous_3)
FNDA:1,(anonymous_4)
FNDA:1,(anonymous_5)
FNDA:1,(anonymous_6)
DA:12,1
DA:13,1
DA:19,1
DA:20,2
DA:21,2
DA:29,1
DA:30,2
DA:31,1
DA:38,1
DA:39,1
DA:41,0
DA:42,0
DA:46,0
DA:49,1
DA:91,1
DA:122,2
LF:16
LH:13
BRDA:30,0,0,1
BRDA:30,0,1,1
BRDA:38,1,0,1
BRDA:38,1,1,0
BRDA:41,2,0,0
BRDA:41,2,1,0
BRDA:89,3,0,1
BRDA:89,3,1,0
BRDA:101,4,0,0
BRDA:101,4,1,1
BRF:10
BRH:5
end_of_record
TN:
SF:src/helpers/Loader.js
FN:5,(anonymous_0)
FNF:1
FNH:1
FNDA:1,(anonymous_0)
DA:5,1
DA:6,1
LF:2
LH:2
BRF:0
BRH:0
end_of_record
TN:
SF:src/helpers/imageHelper.js
FNF:0
FNH:0
LF:0
LH:0
BRF:0
BRH:0
end_of_record
TN:
SF:src/helpers/seasonTittleHelper.js
FNF:0
FNH:0
LF:0
LH:0
BRF:0
BRH:0
end_of_record
TN:
SF:src/redux/actions/weatherAction.js
FN:18,(anonymous_0)
FN:18,(anonymous_1)
FN:28,(anonymous_2)
FN:41,getWeatherSuccess
FN:49,getWeatherFailure
FN:56,(anonymous_5)
FNF:6
FNH:2
FNDA:1,(anonymous_0)
FNDA:1,(anonymous_1)
FNDA:0,(anonymous_2)
FNDA:0,getWeatherSuccess
FNDA:0,getWeatherFailure
FNDA:0,(anonymous_5)
DA:3,3
DA:4,3
DA:12,3
DA:14,3
DA:18,3
DA:19,1
DA:20,1
DA:21,1
DA:22,0
DA:23,0
DA:24,0
DA:25,0
DA:26,0
DA:28,0
DA:29,0
DA:30,0
DA:31,0
DA:33,0
DA:35,0
DA:36,0
DA:42,0
DA:50,0
DA:56,3
DA:57,0
LF:24
LH:9
BRF:0
BRH:0
end_of_record
TN:
SF:src/redux/reducer/index.js
FNF:0
FNH:0
LF:0
LH:0
BRF:0
BRH:0
end_of_record
TN:
SF:src/redux/reducer/weatherReducer.js
FN:1,(anonymous_0)
FNF:1
FNH:1
FNDA:5,(anonymous_0)
DA:1,2
DA:2,5
DA:4,1
DA:10,1
DA:15,3
LF:5
LH:5
BRDA:1,0,0,3
BRDA:2,1,0,1
BRDA:2,1,1,1
BRDA:2,1,2,3
BRF:4
BRH:4
end_of_record
TN:
SF:src/redux/store/index.js
FNF:0
FNH:0
DA:7,1
DA:9,1
LF:2
LH:2
BRF:0
BRH:0
end_of_record
TN:
SF:src/redux/store/initialState.js
FNF:0
FNH:0
DA:1,1
LF:1
LH:1
BRF:0
BRH:0
end_of_record
